<?xml version="1.0" encoding="UTF-8"?>
<!-- Generated by org.testng.reporters.JUnitReportReporter -->
<testsuite hostname="Polar-PC" name="functional.dev.TestClass1" tests="1" failures="0" timestamp="12 Sep 2015 12:52:29 GMT" time="4.576" errors="0">
  <testcase name="test1" time="4.576" classname="functional.dev.TestClass1"/>
</testsuite>
