<?xml version="1.0" encoding="UTF-8"?>
<!-- Generated by org.testng.reporters.JUnitReportReporter -->
<testsuite hostname="Polar-PC" name="com.eugenes.functional.dev.TestClass1" tests="1" failures="0" timestamp="12 Sep 2015 14:56:12 GMT" time="1.927" errors="0">
  <testcase name="test1" time="1.927" classname="com.eugenes.functional.dev.TestClass1"/>
</testsuite>
